[ 2016-03-09T14:07:25+08:00 ] 172.16.6.16 /Monitoring/getInterface
INFO: [ app_init ] --START--
INFO: Run Behavior\BuildLiteBehavior [ RunTime:0.000017s ]
INFO: [ app_init ] --END-- [ RunTime:0.007480s ]
ERR: 无法加载模块:GetInterface

[ 2016-03-09T14:24:26+08:00 ] 172.16.0.2 /Monitoring/getInterface
INFO: [ app_init ] --START--
INFO: Run Behavior\BuildLiteBehavior [ RunTime:0.000012s ]
INFO: [ app_init ] --END-- [ RunTime:0.000300s ]
ERR: 无法加载模块:GetInterface

[ 2016-03-09T14:24:29+08:00 ] 172.16.0.2 /Monitoring/getInterface
INFO: [ app_init ] --START--
INFO: Run Behavior\BuildLiteBehavior [ RunTime:0.000012s ]
INFO: [ app_init ] --END-- [ RunTime:0.000279s ]
ERR: 无法加载模块:GetInterface

[ 2016-03-09T14:39:38+08:00 ] 172.16.6.16 /Monitoring/getInterface
INFO: [ app_init ] --START--
INFO: Run Behavior\BuildLiteBehavior [ RunTime:0.000012s ]
INFO: [ app_init ] --END-- [ RunTime:0.000415s ]
ERR: 无法加载模块:GetInterface

[ 2016-03-09T14:39:42+08:00 ] 172.16.6.16 /Monitoring/getInterface
INFO: [ app_init ] --START--
INFO: Run Behavior\BuildLiteBehavior [ RunTime:0.000012s ]
INFO: [ app_init ] --END-- [ RunTime:0.000282s ]
ERR: 无法加载模块:GetInterface

[ 2016-03-09T14:39:57+08:00 ] 172.16.6.16 /Monitoring/getInterface
INFO: [ app_init ] --START--
INFO: Run Behavior\BuildLiteBehavior [ RunTime:0.000012s ]
INFO: [ app_init ] --END-- [ RunTime:0.000277s ]
ERR: 无法加载模块:GetInterface

[ 2016-03-09T15:06:53+08:00 ] 172.16.6.16 /Monitoring/getInterface
INFO: [ app_init ] --START--
INFO: Run Behavior\BuildLiteBehavior [ RunTime:0.000011s ]
INFO: [ app_init ] --END-- [ RunTime:0.000318s ]
ERR: 无法加载模块:GetInterface

[ 2016-03-09T18:12:01+08:00 ] 172.16.6.16 /Monitoring/getInterface
INFO: [ app_init ] --START--
INFO: Run Behavior\BuildLiteBehavior [ RunTime:0.000012s ]
INFO: [ app_init ] --END-- [ RunTime:0.000300s ]
ERR: 无法加载模块:GetInterface

